<?xml version="1.0" encoding="UTF-8"?>
<testsuite xmlns:xsi="http://www.w3.org/2001/XMLSchema-instance" xsi:noNamespaceSchemaLocation="https://maven.apache.org/surefire/maven-surefire-plugin/xsd/surefire-test-report-3.0.xsd" version="3.0" name="github.ai.qa.solutions.nodes.VerifyJsonByJsonSchemaNodeTest" time="0.045" tests="2" errors="0" skipped="0" failures="0">
  <properties>
[...]
</properties>
  <testcase name="validJsonYieldsOk" classname="github.ai.qa.solutions.nodes.VerifyJsonByJsonSchemaNodeTest" time="0.026">
    <system-out><![CDATA[02:03:50.014 [main] INFO github.ai.qa.solutions.nodes.VerifyJsonByJsonSchemaNode -- ▶️ Stage: VerifyJsonByJsonSchemaNode — starting
02:03:50.016 [main] INFO github.ai.qa.solutions.tools.ValidateJsonBySchemaTool -- 🛠️ coded as tool 💻: ValidateJsonBySchemaTool
]]></system-out>
  </testcase>
  <testcase name="invalidJsonYieldsErrors" classname="github.ai.qa.solutions.nodes.VerifyJsonByJsonSchemaNodeTest" time="0.006">
    <system-out><![CDATA[02:03:50.040 [main] INFO github.ai.qa.solutions.nodes.VerifyJsonByJsonSchemaNode -- ▶️ Stage: VerifyJsonByJsonSchemaNode — starting
02:03:50.040 [main] INFO github.ai.qa.solutions.tools.ValidateJsonBySchemaTool -- 🛠️ coded as tool 💻: ValidateJsonBySchemaTool
]]></system-out>
  </testcase>
</testsuite>